Build started 23/12/2013 02:08:41.
     1>Project "c:\Users\bumblebee\documents\visual studio 2010\Projects\OpenCVKinect\OpenCVKinect\OpenCVKinect.vcxproj" on node 2 (build target(s)).
     1>InitializeBuildStatus:
         Touching "Debug\OpenCVKinect.unsuccessfulbuild".
       ClCompile:
         c:\Program Files (x86)\Microsoft Visual Studio 10.0\VC\bin\CL.exe /c /I"C:\Program Files (x86)\OpenNI2\Include\\" /ZI /nologo /W3 /WX- /Od /Oy- /D WIN32 /D _DEBUG /D _CONSOLE /D _UNICODE /D UNICODE /Gm /EHsc /RTC1 /MDd /GS /fp:precise /Zc:wchar_t /Zc:forScope /Fo"Debug\\" /Fd"Debug\vc100.pdb" /Gd /TP /analyze- /errorReport:prompt OpenCVKinect.cpp
         OpenCVKinect.cpp
       ManifestResourceCompile:
         c:\Program Files (x86)\Microsoft SDKs\Windows\v7.0A\bin\rc.exe /nologo /fo"Debug\OpenCVKinect.exe.embed.manifest.res" Debug\OpenCVKinect_manifest.rc 
       Link:
         c:\Program Files (x86)\Microsoft Visual Studio 10.0\VC\bin\link.exe /ERRORREPORT:PROMPT /OUT:"c:\users\bumblebee\documents\visual studio 2010\Projects\OpenCVKinect\Debug\OpenCVKinect.exe" /INCREMENTAL /NOLOGO /LIBPATH:"C:\Program Files (x86)\OpenNI2\Lib\\" opencv_imgproc247d.lib opencv_core247d.lib opencv_highgui247d.lib OpenNI2.lib kernel32.lib user32.lib gdi32.lib winspool.lib comdlg32.lib advapi32.lib shell32.lib ole32.lib oleaut32.lib uuid.lib odbc32.lib odbccp32.lib /MANIFEST /ManifestFile:"Debug\OpenCVKinect.exe.intermediate.manifest" /MANIFESTUAC:"level='asInvoker' uiAccess='false'" /DEBUG /PDB:"c:\users\bumblebee\documents\visual studio 2010\Projects\OpenCVKinect\Debug\OpenCVKinect.pdb" /SUBSYSTEM:CONSOLE /TLBID:1 /DYNAMICBASE /NXCOMPAT /IMPLIB:"c:\users\bumblebee\documents\visual studio 2010\Projects\OpenCVKinect\Debug\OpenCVKinect.lib" /MACHINE:X86 Debug\OpenCVKinect.exe.embed.manifest.res
         Debug\main.obj
         Debug\OpenCVKinect.obj
       Manifest:
         c:\Program Files (x86)\Microsoft SDKs\Windows\v7.0A\bin\mt.exe /nologo /verbose /out:"Debug\OpenCVKinect.exe.embed.manifest" /manifest Debug\OpenCVKinect.exe.intermediate.manifest
         c:\Program Files (x86)\Microsoft SDKs\Windows\v7.0A\bin\rc.exe /nologo /fo"Debug\OpenCVKinect.exe.embed.manifest.res" Debug\OpenCVKinect_manifest.rc 
       LinkEmbedManifest:
         c:\Program Files (x86)\Microsoft Visual Studio 10.0\VC\bin\link.exe /ERRORREPORT:PROMPT /OUT:"c:\users\bumblebee\documents\visual studio 2010\Projects\OpenCVKinect\Debug\OpenCVKinect.exe" /INCREMENTAL /NOLOGO /LIBPATH:"C:\Program Files (x86)\OpenNI2\Lib\\" opencv_imgproc247d.lib opencv_core247d.lib opencv_highgui247d.lib OpenNI2.lib kernel32.lib user32.lib gdi32.lib winspool.lib comdlg32.lib advapi32.lib shell32.lib ole32.lib oleaut32.lib uuid.lib odbc32.lib odbccp32.lib /MANIFEST /ManifestFile:"Debug\OpenCVKinect.exe.intermediate.manifest" /MANIFESTUAC:"level='asInvoker' uiAccess='false'" /DEBUG /PDB:"c:\users\bumblebee\documents\visual studio 2010\Projects\OpenCVKinect\Debug\OpenCVKinect.pdb" /SUBSYSTEM:CONSOLE /TLBID:1 /DYNAMICBASE /NXCOMPAT /IMPLIB:"c:\users\bumblebee\documents\visual studio 2010\Projects\OpenCVKinect\Debug\OpenCVKinect.lib" /MACHINE:X86 Debug\OpenCVKinect.exe.embed.manifest.res
         Debug\main.obj
         Debug\OpenCVKinect.obj
         OpenCVKinect.vcxproj -> c:\users\bumblebee\documents\visual studio 2010\Projects\OpenCVKinect\Debug\OpenCVKinect.exe
       FinalizeBuildStatus:
         Deleting file "Debug\OpenCVKinect.unsuccessfulbuild".
         Touching "Debug\OpenCVKinect.lastbuildstate".
     1>Done Building Project "c:\Users\bumblebee\documents\visual studio 2010\Projects\OpenCVKinect\OpenCVKinect\OpenCVKinect.vcxproj" (build target(s)).

Build succeeded.

Time Elapsed 00:00:04.14
