C:\RESEARCHWORK\VCPROJ\OPENCVKINECT\DEBUG\OPENCVKINECT.EXE
C:\RESEARCHWORK\VCPROJ\OPENCVKINECT\DEBUG\OPENCVKINECT.ILK
C:\RESEARCHWORK\VCPROJ\OPENCVKINECT\DEBUG\OPENCVKINECT.PDB
C:\Researchwork\VCProj\OpenCVKinect\OpenCVKinect\Debug\cl.command.1.tlog
C:\Researchwork\VCProj\OpenCVKinect\OpenCVKinect\Debug\CL.read.1.tlog
C:\Researchwork\VCProj\OpenCVKinect\OpenCVKinect\Debug\CL.write.1.tlog
C:\Researchwork\VCProj\OpenCVKinect\OpenCVKinect\Debug\link.3188.read.1.tlog
C:\Researchwork\VCProj\OpenCVKinect\OpenCVKinect\Debug\link.3188.write.1.tlog
C:\Researchwork\VCProj\OpenCVKinect\OpenCVKinect\Debug\link.3188-cvtres.read.1.tlog
C:\Researchwork\VCProj\OpenCVKinect\OpenCVKinect\Debug\link.3188-cvtres.write.1.tlog
C:\Researchwork\VCProj\OpenCVKinect\OpenCVKinect\Debug\link.4828.read.1.tlog
C:\Researchwork\VCProj\OpenCVKinect\OpenCVKinect\Debug\link.4828.write.1.tlog
C:\Researchwork\VCProj\OpenCVKinect\OpenCVKinect\Debug\link.4828-cvtres.read.1.tlog
C:\Researchwork\VCProj\OpenCVKinect\OpenCVKinect\Debug\link.4828-cvtres.write.1.tlog
C:\Researchwork\VCProj\OpenCVKinect\OpenCVKinect\Debug\link.command.1.tlog
C:\Researchwork\VCProj\OpenCVKinect\OpenCVKinect\Debug\link.read.1.tlog
C:\Researchwork\VCProj\OpenCVKinect\OpenCVKinect\Debug\link.write.1.tlog
C:\Researchwork\VCProj\OpenCVKinect\OpenCVKinect\Debug\link-cvtres.read.1.tlog
C:\Researchwork\VCProj\OpenCVKinect\OpenCVKinect\Debug\link-cvtres.write.1.tlog
C:\RESEARCHWORK\VCPROJ\OPENCVKINECT\OPENCVKINECT\DEBUG\MAIN.OBJ
C:\Researchwork\VCProj\OpenCVKinect\OpenCVKinect\Debug\mt.command.1.tlog
C:\Researchwork\VCProj\OpenCVKinect\OpenCVKinect\Debug\mt.read.1.tlog
C:\Researchwork\VCProj\OpenCVKinect\OpenCVKinect\Debug\mt.write.1.tlog
C:\RESEARCHWORK\VCPROJ\OPENCVKINECT\OPENCVKINECT\DEBUG\OPENCVKINECT.EXE.EMBED.MANIFEST
C:\RESEARCHWORK\VCPROJ\OPENCVKINECT\OPENCVKINECT\DEBUG\OPENCVKINECT.EXE.EMBED.MANIFEST.RES
C:\RESEARCHWORK\VCPROJ\OPENCVKINECT\OPENCVKINECT\DEBUG\OPENCVKINECT.EXE.INTERMEDIATE.MANIFEST
C:\RESEARCHWORK\VCPROJ\OPENCVKINECT\OPENCVKINECT\DEBUG\OPENCVKINECT.OBJ
C:\Researchwork\VCProj\OpenCVKinect\OpenCVKinect\Debug\OpenCVKinect.vcxprojResolveAssemblyReference.cache
C:\Researchwork\VCProj\OpenCVKinect\OpenCVKinect\Debug\OpenCVKinect.write.1.tlog
C:\Researchwork\VCProj\OpenCVKinect\OpenCVKinect\Debug\OpenCVKinect_manifest.rc
C:\Researchwork\VCProj\OpenCVKinect\OpenCVKinect\Debug\rc.command.1.tlog
C:\Researchwork\VCProj\OpenCVKinect\OpenCVKinect\Debug\rc.read.1.tlog
C:\Researchwork\VCProj\OpenCVKinect\OpenCVKinect\Debug\rc.write.1.tlog
C:\Researchwork\VCProj\OpenCVKinect\OpenCVKinect\Debug\vc100.idb
C:\RESEARCHWORK\VCPROJ\OPENCVKINECT\OPENCVKINECT\DEBUG\VC100.PDB
